Generated at 2020-01-04 10:33:51 +0000
NameError: undefined local variable or method `httpd' for cookbook: Bushan2, recipe: default :Chef::Recipe
/root/Broad-Hyd-Nov-Dec-2019/Chef/Bushan/chef-repo/.chef/local-mode-cache/cache/cookbooks/Bushan2/recipes/default.rb:11:in `from_file'
/opt/chefdk/embedded/lib/ruby/gems/2.6.0/gems/chef-15.5.17/lib/chef/mixin/from_file.rb:34:in `instance_eval'
/opt/chefdk/embedded/lib/ruby/gems/2.6.0/gems/chef-15.5.17/lib/chef/mixin/from_file.rb:34:in `from_file'
/opt/chefdk/embedded/lib/ruby/gems/2.6.0/gems/chef-15.5.17/lib/chef/cookbook_version.rb:199:in `load_recipe'
/opt/chefdk/embedded/lib/ruby/gems/2.6.0/gems/chef-15.5.17/lib/chef/run_context.rb:393:in `load_recipe'
/opt/chefdk/embedded/lib/ruby/gems/2.6.0/gems/chef-15.5.17/lib/chef/run_context/cookbook_compiler.rb:166:in `block in compile_recipes'
/opt/chefdk/embedded/lib/ruby/gems/2.6.0/gems/chef-15.5.17/lib/chef/run_context/cookbook_compiler.rb:163:in `each'
/opt/chefdk/embedded/lib/ruby/gems/2.6.0/gems/chef-15.5.17/lib/chef/run_context/cookbook_compiler.rb:163:in `compile_recipes'
/opt/chefdk/embedded/lib/ruby/gems/2.6.0/gems/chef-15.5.17/lib/chef/run_context/cookbook_compiler.rb:79:in `compile'
/opt/chefdk/embedded/lib/ruby/gems/2.6.0/gems/chef-15.5.17/lib/chef/run_context.rb:223:in `load'
/opt/chefdk/embedded/lib/ruby/gems/2.6.0/gems/chef-15.5.17/lib/chef/policy_builder/expand_node_object.rb:103:in `setup_run_context'
/opt/chefdk/embedded/lib/ruby/2.6.0/forwardable.rb:230:in `setup_run_context'
/opt/chefdk/embedded/lib/ruby/gems/2.6.0/gems/chef-15.5.17/lib/chef/client.rb:487:in `setup_run_context'
/opt/chefdk/embedded/lib/ruby/gems/2.6.0/gems/chef-15.5.17/lib/chef/client.rb:284:in `run'
/opt/chefdk/embedded/lib/ruby/gems/2.6.0/gems/chef-15.5.17/lib/chef/application.rb:320:in `run_with_graceful_exit_option'
/opt/chefdk/embedded/lib/ruby/gems/2.6.0/gems/chef-15.5.17/lib/chef/application.rb:296:in `block in run_chef_client'
/opt/chefdk/embedded/lib/ruby/gems/2.6.0/gems/chef-15.5.17/lib/chef/local_mode.rb:42:in `with_server_connectivity'
/opt/chefdk/embedded/lib/ruby/gems/2.6.0/gems/chef-15.5.17/lib/chef/application.rb:279:in `run_chef_client'
/opt/chefdk/embedded/lib/ruby/gems/2.6.0/gems/chef-15.5.17/lib/chef/application/base.rb:330:in `run_application'
/opt/chefdk/embedded/lib/ruby/gems/2.6.0/gems/chef-15.5.17/lib/chef/application.rb:69:in `run'
/opt/chefdk/embedded/lib/ruby/gems/2.6.0/gems/chef-bin-15.5.17/bin/chef-client:25:in `<top (required)>'
/bin/chef-client:353:in `load'
/bin/chef-client:353:in `<main>'