E, [2020-01-05T06:18:49.109630 #8791] ERROR -- Kitchen: ------Exception-------
E, [2020-01-05T06:18:49.109701 #8791] ERROR -- Kitchen: Class: Kitchen::UserError
E, [2020-01-05T06:18:49.109722 #8791] ERROR -- Kitchen: Message: Kitchen YAML file /root/Broad-Hyd-Nov-Dec-2019/Chef/SreekanthPola/kitchen.yml does not exist.
E, [2020-01-05T06:18:49.109736 #8791] ERROR -- Kitchen: ----------------------
E, [2020-01-05T06:18:49.109747 #8791] ERROR -- Kitchen: ------Backtrace-------
E, [2020-01-05T06:18:49.109758 #8791] ERROR -- Kitchen: /opt/chefdk/embedded/lib/ruby/gems/2.6.0/gems/test-kitchen-2.3.4/lib/kitchen/loader/yaml.rb:65:in `read'
E, [2020-01-05T06:18:49.109769 #8791] ERROR -- Kitchen: /opt/chefdk/embedded/lib/ruby/gems/2.6.0/gems/test-kitchen-2.3.4/lib/kitchen/config.rb:154:in `data'
E, [2020-01-05T06:18:49.109780 #8791] ERROR -- Kitchen: /opt/chefdk/embedded/lib/ruby/gems/2.6.0/gems/test-kitchen-2.3.4/lib/kitchen/config.rb:132:in `suites'
E, [2020-01-05T06:18:49.109795 #8791] ERROR -- Kitchen: /opt/chefdk/embedded/lib/ruby/gems/2.6.0/gems/test-kitchen-2.3.4/lib/kitchen/config.rb:184:in `filter_instances'
E, [2020-01-05T06:18:49.109806 #8791] ERROR -- Kitchen: /opt/chefdk/embedded/lib/ruby/gems/2.6.0/gems/test-kitchen-2.3.4/lib/kitchen/config.rb:143:in `build_instances'
E, [2020-01-05T06:18:49.109817 #8791] ERROR -- Kitchen: /opt/chefdk/embedded/lib/ruby/gems/2.6.0/gems/test-kitchen-2.3.4/lib/kitchen/config.rb:117:in `instances'
E, [2020-01-05T06:18:49.109828 #8791] ERROR -- Kitchen: /opt/chefdk/embedded/lib/ruby/gems/2.6.0/gems/test-kitchen-2.3.4/lib/kitchen/command.rb:112:in `filtered_instances'
E, [2020-01-05T06:18:49.109838 #8791] ERROR -- Kitchen: /opt/chefdk/embedded/lib/ruby/gems/2.6.0/gems/test-kitchen-2.3.4/lib/kitchen/command.rb:142:in `parse_subcommand'
E, [2020-01-05T06:18:49.109852 #8791] ERROR -- Kitchen: /opt/chefdk/embedded/lib/ruby/gems/2.6.0/gems/test-kitchen-2.3.4/lib/kitchen/command/list.rb:30:in `call'
E, [2020-01-05T06:18:49.109874 #8791] ERROR -- Kitchen: /opt/chefdk/embedded/lib/ruby/gems/2.6.0/gems/test-kitchen-2.3.4/lib/kitchen/cli.rb:52:in `perform'
E, [2020-01-05T06:18:49.109886 #8791] ERROR -- Kitchen: /opt/chefdk/embedded/lib/ruby/gems/2.6.0/gems/test-kitchen-2.3.4/lib/kitchen/cli.rb:120:in `list'
E, [2020-01-05T06:18:49.109896 #8791] ERROR -- Kitchen: /opt/chefdk/embedded/lib/ruby/gems/2.6.0/gems/thor-0.20.3/lib/thor/command.rb:27:in `run'
E, [2020-01-05T06:18:49.109907 #8791] ERROR -- Kitchen: /opt/chefdk/embedded/lib/ruby/gems/2.6.0/gems/thor-0.20.3/lib/thor/invocation.rb:126:in `invoke_command'
E, [2020-01-05T06:18:49.109920 #8791] ERROR -- Kitchen: /opt/chefdk/embedded/lib/ruby/gems/2.6.0/gems/thor-0.20.3/lib/thor.rb:387:in `dispatch'
E, [2020-01-05T06:18:49.109932 #8791] ERROR -- Kitchen: /opt/chefdk/embedded/lib/ruby/gems/2.6.0/gems/thor-0.20.3/lib/thor/base.rb:466:in `start'
E, [2020-01-05T06:18:49.109942 #8791] ERROR -- Kitchen: /opt/chefdk/embedded/lib/ruby/gems/2.6.0/gems/test-kitchen-2.3.4/bin/kitchen:13:in `block in <top (required)>'
E, [2020-01-05T06:18:49.109953 #8791] ERROR -- Kitchen: /opt/chefdk/embedded/lib/ruby/gems/2.6.0/gems/test-kitchen-2.3.4/lib/kitchen/errors.rb:171:in `with_friendly_errors'
E, [2020-01-05T06:18:49.109964 #8791] ERROR -- Kitchen: /opt/chefdk/embedded/lib/ruby/gems/2.6.0/gems/test-kitchen-2.3.4/bin/kitchen:13:in `<top (required)>'
E, [2020-01-05T06:18:49.109978 #8791] ERROR -- Kitchen: /bin/kitchen:353:in `load'
E, [2020-01-05T06:18:49.109990 #8791] ERROR -- Kitchen: /bin/kitchen:353:in `<main>'
E, [2020-01-05T06:18:49.110000 #8791] ERROR -- Kitchen: ----End Backtrace-----
