E, [2020-01-05T06:01:53.377257 #6413] ERROR -- Kitchen: ------Exception-------
E, [2020-01-05T06:01:53.377339 #6413] ERROR -- Kitchen: Class: Kitchen::UserError
E, [2020-01-05T06:01:53.377372 #6413] ERROR -- Kitchen: Message: Kitchen YAML file /root/Broad-Hyd-Nov-Dec-2019/Chef/rajesh/chef-repo/kitchen.yml does not exist.
E, [2020-01-05T06:01:53.377387 #6413] ERROR -- Kitchen: ----------------------
E, [2020-01-05T06:01:53.377398 #6413] ERROR -- Kitchen: ------Backtrace-------
E, [2020-01-05T06:01:53.377409 #6413] ERROR -- Kitchen: /opt/chefdk/embedded/lib/ruby/gems/2.6.0/gems/test-kitchen-2.3.4/lib/kitchen/loader/yaml.rb:65:in `read'
E, [2020-01-05T06:01:53.377420 #6413] ERROR -- Kitchen: /opt/chefdk/embedded/lib/ruby/gems/2.6.0/gems/test-kitchen-2.3.4/lib/kitchen/config.rb:154:in `data'
E, [2020-01-05T06:01:53.377431 #6413] ERROR -- Kitchen: /opt/chefdk/embedded/lib/ruby/gems/2.6.0/gems/test-kitchen-2.3.4/lib/kitchen/config.rb:132:in `suites'
E, [2020-01-05T06:01:53.377442 #6413] ERROR -- Kitchen: /opt/chefdk/embedded/lib/ruby/gems/2.6.0/gems/test-kitchen-2.3.4/lib/kitchen/config.rb:184:in `filter_instances'
E, [2020-01-05T06:01:53.377453 #6413] ERROR -- Kitchen: /opt/chefdk/embedded/lib/ruby/gems/2.6.0/gems/test-kitchen-2.3.4/lib/kitchen/config.rb:143:in `build_instances'
E, [2020-01-05T06:01:53.377464 #6413] ERROR -- Kitchen: /opt/chefdk/embedded/lib/ruby/gems/2.6.0/gems/test-kitchen-2.3.4/lib/kitchen/config.rb:117:in `instances'
E, [2020-01-05T06:01:53.377475 #6413] ERROR -- Kitchen: /opt/chefdk/embedded/lib/ruby/gems/2.6.0/gems/test-kitchen-2.3.4/lib/kitchen/command.rb:112:in `filtered_instances'
E, [2020-01-05T06:01:53.377486 #6413] ERROR -- Kitchen: /opt/chefdk/embedded/lib/ruby/gems/2.6.0/gems/test-kitchen-2.3.4/lib/kitchen/command.rb:142:in `parse_subcommand'
E, [2020-01-05T06:01:53.377496 #6413] ERROR -- Kitchen: /opt/chefdk/embedded/lib/ruby/gems/2.6.0/gems/test-kitchen-2.3.4/lib/kitchen/command/list.rb:30:in `call'
E, [2020-01-05T06:01:53.377507 #6413] ERROR -- Kitchen: /opt/chefdk/embedded/lib/ruby/gems/2.6.0/gems/test-kitchen-2.3.4/lib/kitchen/cli.rb:52:in `perform'
E, [2020-01-05T06:01:53.377518 #6413] ERROR -- Kitchen: /opt/chefdk/embedded/lib/ruby/gems/2.6.0/gems/test-kitchen-2.3.4/lib/kitchen/cli.rb:120:in `list'
E, [2020-01-05T06:01:53.377528 #6413] ERROR -- Kitchen: /opt/chefdk/embedded/lib/ruby/gems/2.6.0/gems/thor-0.20.3/lib/thor/command.rb:27:in `run'
E, [2020-01-05T06:01:53.377538 #6413] ERROR -- Kitchen: /opt/chefdk/embedded/lib/ruby/gems/2.6.0/gems/thor-0.20.3/lib/thor/invocation.rb:126:in `invoke_command'
E, [2020-01-05T06:01:53.377549 #6413] ERROR -- Kitchen: /opt/chefdk/embedded/lib/ruby/gems/2.6.0/gems/thor-0.20.3/lib/thor.rb:387:in `dispatch'
E, [2020-01-05T06:01:53.377560 #6413] ERROR -- Kitchen: /opt/chefdk/embedded/lib/ruby/gems/2.6.0/gems/thor-0.20.3/lib/thor/base.rb:466:in `start'
E, [2020-01-05T06:01:53.377570 #6413] ERROR -- Kitchen: /opt/chefdk/embedded/lib/ruby/gems/2.6.0/gems/test-kitchen-2.3.4/bin/kitchen:13:in `block in <top (required)>'
E, [2020-01-05T06:01:53.377581 #6413] ERROR -- Kitchen: /opt/chefdk/embedded/lib/ruby/gems/2.6.0/gems/test-kitchen-2.3.4/lib/kitchen/errors.rb:171:in `with_friendly_errors'
E, [2020-01-05T06:01:53.377592 #6413] ERROR -- Kitchen: /opt/chefdk/embedded/lib/ruby/gems/2.6.0/gems/test-kitchen-2.3.4/bin/kitchen:13:in `<top (required)>'
E, [2020-01-05T06:01:53.377603 #6413] ERROR -- Kitchen: /bin/kitchen:353:in `load'
E, [2020-01-05T06:01:53.377613 #6413] ERROR -- Kitchen: /bin/kitchen:353:in `<main>'
E, [2020-01-05T06:01:53.377623 #6413] ERROR -- Kitchen: ----End Backtrace-----
